<?xml version="1.0" encoding="UTF-8"?>
<!-- Generated by org.testng.reporters.JUnitReportReporter -->
<testsuite hostname="DESKTOP-N7LAB1L" failures="0" tests="1" name="com.sauceDemo.TestCasses.VerifyLoginFunctionality" time="28.225" errors="0" timestamp="2022-07-28T00:36:08 IST" skipped="0">
  <testcase classname="com.sauceDemo.TestCasses.VerifyLoginFunctionality" name="logInFuctionality" time="28.225"/>
  <system-out/>
</testsuite> <!-- com.sauceDemo.TestCasses.VerifyLoginFunctionality -->
